app/build/qt_generated/qtquickview/android-build-qtquickview/build/outputs/logs/manifest-merger-debug-report.txt
-- Merging decision tree log ---
manifest
ADDED from qtquickview/android-build-qtquickview/AndroidManifest.xml:1:1-11:12
INJECTED from qtquickview/android-build-qtquickview/AndroidManifest.xml:1:1-11:12
	package
		ADDED from qtquickview/android-build-qtquickview/AndroidManifest.xml:4:5-48
		INJECTED from qtquickview/android-build-qtquickview/AndroidManifest.xml
	android:versionName
		ADDED from qtquickview/android-build-qtquickview/AndroidManifest.xml:6:5-30
	xmlns:tools
		ADDED from qtquickview/android-build-qtquickview/AndroidManifest.xml:3:5-51
	xmlns:android
		ADDED from qtquickview/android-build-qtquickview/AndroidManifest.xml:2:5-63
	android:versionCode
		ADDED from qtquickview/android-build-qtquickview/AndroidManifest.xml:5:5-28
uses-permission#android.permission.ACCESS_NETWORK_STATE
ADDED from qtquickview/android-build-qtquickview/AndroidManifest.xml:7:5-80
	android:name
		ADDED from qtquickview/android-build-qtquickview/AndroidManifest.xml:7:22-76
uses-permission#android.permission.INTERNET
ADDED from qtquickview/android-build-qtquickview/AndroidManifest.xml:8:5-68
	android:name
		ADDED from qtquickview/android-build-qtquickview/AndroidManifest.xml:8:22-64
uses-permission#android.permission.WRITE_EXTERNAL_STORAGE
ADDED from qtquickview/android-build-qtquickview/AndroidManifest.xml:9:5-82
	android:name
		ADDED from qtquickview/android-build-qtquickview/AndroidManifest.xml:9:22-78
uses-sdk
INJECTED from qtquickview/android-build-qtquickview/AndroidManifest.xml reason: use-sdk injection requested
INJECTED from qtquickview/android-build-qtquickview/AndroidManifest.xml
INJECTED from qtquickview/android-build-qtquickview/AndroidManifest.xml
	android:targetSdkVersion
		INJECTED from qtquickview/android-build-qtquickview/AndroidManifest.xml
	android:minSdkVersion
		INJECTED from qtquickview/android-build-qtquickview/AndroidManifest.xml